09:00:23.503 4bd1b696-c023c6e3521b1417.js:1 Uncaught Error: Minified React error #418; visit https://react.dev/errors/418?args[]=HTML&args[]= for the full message or use the non-minified dev environment for full errors and additional helpful warnings.
    at rD (4bd1b696-c023c6e3521b1417.js:1:35056)
    at oq (4bd1b696-c023c6e3521b1417.js:1:84560)
    at ik (4bd1b696-c023c6e3521b1417.js:1:114676)
    at 4bd1b696-c023c6e3521b1417.js:1:110724
    at iu (4bd1b696-c023c6e3521b1417.js:1:110825)
    at iX (4bd1b696-c023c6e3521b1417.js:1:132928)
    at MessagePort.w (255-cb395327542b56ef.js:1:113836)
rD @ 4bd1b696-c023c6e3521b1417.js:1
oq @ 4bd1b696-c023c6e3521b1417.js:1
ik @ 4bd1b696-c023c6e3521b1417.js:1
(anonymous) @ 4bd1b696-c023c6e3521b1417.js:1
iu @ 4bd1b696-c023c6e3521b1417.js:1
iX @ 4bd1b696-c023c6e3521b1417.js:1
w @ 255-cb395327542b56ef.js:1
09:00:23.523 favicon.ico:1  GET https://tms-chat-staging.example.com/favicon.ico 404 (Not Found)
09:00:31.759 96-78c73b101eec69bf.js:1  POST https://tms-chat-staging.example.com/api/v1/messages/upload 415 (Unsupported Media Type)
(anonymous) @ 96-78c73b101eec69bf.js:1
sendFileMessage @ 96-78c73b101eec69bf.js:1
M @ 548-8ab74c9712553e36.js:1
i8 @ 4bd1b696-c023c6e3521b1417.js:1
(anonymous) @ 4bd1b696-c023c6e3521b1417.js:1
nz @ 4bd1b696-c023c6e3521b1417.js:1
sn @ 4bd1b696-c023c6e3521b1417.js:1
cc @ 4bd1b696-c023c6e3521b1417.js:1
ci @ 4bd1b696-c023c6e3521b1417.js:1
09:00:31.760 301-972f10ef612c2bff.js:1 [GENERAL] Failed to upload file: Error: File type not supported: application/vnd.openxmlformats-officedocument.spreadsheetml.sheet. Allowed types: image/jpeg, image/png, image/gif, image/webp, video/mp4, video/webm, audio/mpeg, audio/ogg, application/pdf, application/msword, application/vnd.openxmlformats-officedocument.wordprocessingml.document
    at XMLHttpRequest.<anonymous> (96-78c73b101eec69bf.js:1:20624)
error @ 301-972f10ef612c2bff.js:1
error @ 301-972f10ef612c2bff.js:1
M @ 548-8ab74c9712553e36.js:1
await in M
i8 @ 4bd1b696-c023c6e3521b1417.js:1
(anonymous) @ 4bd1b696-c023c6e3521b1417.js:1
nz @ 4bd1b696-c023c6e3521b1417.js:1
sn @ 4bd1b696-c023c6e3521b1417.js:1
cc @ 4bd1b696-c023c6e3521b1417.js:1
ci @ 4bd1b696-c023c6e3521b1417.js:1
